  glad.c
  FlyCam.cpp
  Source.cpp
D:\Graphics1\MidtermExtracted\Midterm\GameEngine\Source.cpp(103,32): warning C4244: '=': conversion from 'double' to 'float', possible loss of data
D:\Graphics1\MidtermExtracted\Midterm\GameEngine\Source.cpp(134,97): warning C4244: '+=': conversion from 'double' to 'float', possible loss of data
D:\Graphics1\MidtermExtracted\Midterm\GameEngine\Source.cpp(135,97): warning C4244: '+=': conversion from 'double' to 'float', possible loss of data
D:\Graphics1\MidtermExtracted\Midterm\GameEngine\Source.cpp(136,97): warning C4244: '+=': conversion from 'double' to 'float', possible loss of data
D:\Graphics1\MidtermExtracted\Midterm\GameEngine\Source.cpp(143,88): warning C4244: '+=': conversion from 'double' to 'float', possible loss of data
D:\Graphics1\MidtermExtracted\Midterm\GameEngine\Source.cpp(144,88): warning C4244: '+=': conversion from 'double' to 'float', possible loss of data
D:\Graphics1\MidtermExtracted\Midterm\GameEngine\Source.cpp(145,88): warning C4244: '+=': conversion from 'double' to 'float', possible loss of data
D:\Graphics1\MidtermExtracted\Midterm\GameEngine\Source.cpp(234,30): warning C4244: '=': conversion from 'double' to 'float', possible loss of data
  cAiEnemy.cpp
  cLightManager.cpp
  cLightMover.cpp
  cLoadModels.cpp
  cPhysicsUpdated.cpp
  cPlayer.cpp
  cScene.cpp
  cShaderCompiler.cpp
  cVAOManager.cpp
  Generating code
  Previous IPDB and IOBJ mismatch, fall back to full compilation.
  All 501 functions were compiled because no usable IPDB/IOBJ from previous compilation was found.
  Finished generating code
  GameEngine.vcxproj -> D:\Graphics1\MidtermExtracted\Midterm\x64\Release\GameEngine.exe
